{"D:\\aegon\\be-whos-that-pokemon\\routes\\pokemonRoutes.ts": {"path":"D:\\aegon\\be-whos-that-pokemon\\routes\\pokemonRoutes.ts","statementMap":{"0":{"start":{"line":1,"column":0},"end":{"line":1,"column":72}},"1":{"start":{"line":2,"column":0},"end":{"line":2,"column":30}},"2":{"start":{"line":3,"column":0},"end":{"line":3,"column":null}},"3":{"start":{"line":15,"column":15},"end":{"line":15,"column":31}},"4":{"start":{"line":19,"column":0},"end":{"line":34,"column":3}},"5":{"start":{"line":19,"column":42},"end":{"line":34,"column":2}},"6":{"start":{"line":20,"column":2},"end":{"line":33,"column":3}},"7":{"start":{"line":21,"column":29},"end":{"line":21,"column":66}},"8":{"start":{"line":22,"column":37},"end":{"line":22,"column":62}},"9":{"start":{"line":24,"column":41},"end":{"line":26,"column":null}},"10":{"start":{"line":29,"column":4},"end":{"line":29,"column":39}},"11":{"start":{"line":31,"column":4},"end":{"line":31,"column":19}},"12":{"start":{"line":32,"column":4},"end":{"line":32,"column":31}},"13":{"start":{"line":39,"column":0},"end":{"line":59,"column":3}},"14":{"start":{"line":39,"column":42},"end":{"line":59,"column":2}},"15":{"start":{"line":40,"column":2},"end":{"line":58,"column":3}},"16":{"start":{"line":41,"column":4},"end":{"line":44,"column":5}},"17":{"start":{"line":42,"column":6},"end":{"line":42,"column":48}},"18":{"start":{"line":43,"column":6},"end":{"line":43,"column":13}},"19":{"start":{"line":46,"column":30},"end":{"line":46,"column":51}},"20":{"start":{"line":47,"column":31},"end":{"line":47,"column":57}},"21":{"start":{"line":49,"column":29},"end":{"line":49,"column":62}},"22":{"start":{"line":50,"column":41},"end":{"line":52,"column":null}},"23":{"start":{"line":55,"column":4},"end":{"line":55,"column":39}},"24":{"start":{"line":57,"column":4},"end":{"line":57,"column":31}},"25":{"start":{"line":61,"column":0},"end":{"line":61,"column":22}}},"fnMap":{"0":{"name":"(anonymous_8)","decl":{"start":{"line":19,"column":22},"end":{"line":19,"column":29}},"loc":{"start":{"line":19,"column":42},"end":{"line":34,"column":2}}},"1":{"name":"(anonymous_9)","decl":{"start":{"line":19,"column":42},"end":{"line":19,"column":null}},"loc":{"start":{"line":19,"column":42},"end":{"line":34,"column":1}}},"2":{"name":"(anonymous_10)","decl":{"start":{"line":39,"column":23},"end":{"line":39,"column":30}},"loc":{"start":{"line":39,"column":42},"end":{"line":59,"column":2}}},"3":{"name":"(anonymous_11)","decl":{"start":{"line":39,"column":42},"end":{"line":39,"column":null}},"loc":{"start":{"line":39,"column":42},"end":{"line":59,"column":1}}}},"branchMap":{"0":{"loc":{"start":{"line":41,"column":4},"end":{"line":44,"column":5}},"type":"if","locations":[{"start":{"line":41,"column":4},"end":{"line":44,"column":5}}]},"1":{"loc":{"start":{"line":41,"column":8},"end":{"line":41,"column":40}},"type":"binary-expr","locations":[{"start":{"line":41,"column":8},"end":{"line":41,"column":20}},{"start":{"line":41,"column":24},"end":{"line":41,"column":40}}]}},"s":{"0":1,"1":1,"2":1,"3":1,"4":1,"5":2,"6":2,"7":2,"8":2,"9":2,"10":2,"11":0,"12":0,"13":1,"14":1,"15":1,"16":1,"17":0,"18":0,"19":1,"20":1,"21":1,"22":1,"23":1,"24":0,"25":1},"f":{"0":2,"1":2,"2":1,"3":1},"b":{"0":[0],"1":[1,1]}}
,"D:\\aegon\\be-whos-that-pokemon\\services\\pokemonService.ts": {"path":"D:\\aegon\\be-whos-that-pokemon\\services\\pokemonService.ts","statementMap":{"0":{"start":{"line":10,"column":27},"end":{"line":12,"column":1}},"1":{"start":{"line":11,"column":2},"end":{"line":11,"column":47}},"2":{"start":{"line":10,"column":13},"end":{"line":10,"column":27}},"3":{"start":{"line":17,"column":36},"end":{"line":37,"column":1}},"4":{"start":{"line":21,"column":20},"end":{"line":21,"column":37}},"5":{"start":{"line":22,"column":2},"end":{"line":22,"column":30}},"6":{"start":{"line":25,"column":25},"end":{"line":25,"column":51}},"7":{"start":{"line":26,"column":2},"end":{"line":30,"column":3}},"8":{"start":{"line":27,"column":24},"end":{"line":27,"column":57}},"9":{"start":{"line":28,"column":19},"end":{"line":28,"column":51}},"10":{"start":{"line":29,"column":4},"end":{"line":29,"column":43}},"11":{"start":{"line":29,"column":16},"end":{"line":29,"column":43}},"12":{"start":{"line":32,"column":2},"end":{"line":36,"column":4}},"13":{"start":{"line":35,"column":44},"end":{"line":35,"column":63}},"14":{"start":{"line":17,"column":13},"end":{"line":17,"column":36}},"15":{"start":{"line":41,"column":36},"end":{"line":51,"column":1}},"16":{"start":{"line":45,"column":17},"end":{"line":45,"column":58}},"17":{"start":{"line":47,"column":2},"end":{"line":50,"column":4}},"18":{"start":{"line":41,"column":13},"end":{"line":41,"column":36}}},"fnMap":{"0":{"name":"(anonymous_0)","decl":{"start":{"line":10,"column":27},"end":{"line":10,"column":28}},"loc":{"start":{"line":10,"column":57},"end":{"line":12,"column":1}}},"1":{"name":"(anonymous_1)","decl":{"start":{"line":17,"column":36},"end":{"line":17,"column":null}},"loc":{"start":{"line":20,"column":20},"end":{"line":37,"column":1}}},"2":{"name":"(anonymous_2)","decl":{"start":{"line":35,"column":38},"end":{"line":35,"column":41}},"loc":{"start":{"line":35,"column":44},"end":{"line":35,"column":63}}},"3":{"name":"(anonymous_3)","decl":{"start":{"line":41,"column":36},"end":{"line":41,"column":null}},"loc":{"start":{"line":44,"column":20},"end":{"line":51,"column":1}}}},"branchMap":{"0":{"loc":{"start":{"line":10,"column":28},"end":{"line":10,"column":45}},"type":"default-arg","locations":[{"start":{"line":10,"column":42},"end":{"line":10,"column":45}}]},"1":{"loc":{"start":{"line":29,"column":4},"end":{"line":29,"column":43}},"type":"if","locations":[{"start":{"line":29,"column":4},"end":{"line":29,"column":43}}]},"2":{"loc":{"start":{"line":45,"column":17},"end":{"line":45,"column":58}},"type":"cond-expr","locations":[{"start":{"line":45,"column":46},"end":{"line":45,"column":50}},{"start":{"line":45,"column":53},"end":{"line":45,"column":58}}]}},"s":{"0":2,"1":13,"2":2,"3":2,"4":3,"5":3,"6":3,"7":3,"8":9,"9":9,"10":9,"11":9,"12":3,"13":17,"14":2,"15":2,"16":3,"17":3,"18":2},"f":{"0":13,"1":3,"2":17,"3":3},"b":{"0":[4],"1":[9],"2":[1,2]}}
,"D:\\aegon\\be-whos-that-pokemon\\src\\app.ts": {"path":"D:\\aegon\\be-whos-that-pokemon\\src\\app.ts","statementMap":{"0":{"start":{"line":1,"column":0},"end":{"line":1,"column":52}},"1":{"start":{"line":2,"column":0},"end":{"line":2,"column":37}},"2":{"start":{"line":3,"column":0},"end":{"line":3,"column":30}},"3":{"start":{"line":4,"column":0},"end":{"line":4,"column":24}},"4":{"start":{"line":6,"column":12},"end":{"line":6,"column":21}},"5":{"start":{"line":7,"column":13},"end":{"line":7,"column":17}},"6":{"start":{"line":9,"column":0},"end":{"line":9,"column":31}},"7":{"start":{"line":10,"column":0},"end":{"line":10,"column":27}},"8":{"start":{"line":11,"column":0},"end":{"line":11,"column":23}},"9":{"start":{"line":13,"column":0},"end":{"line":13,"column":66}},"10":{"start":{"line":13,"column":23},"end":{"line":13,"column":64}},"11":{"start":{"line":15,"column":0},"end":{"line":15,"column":19}}},"fnMap":{"0":{"name":"(anonymous_1)","decl":{"start":{"line":13,"column":17},"end":{"line":13,"column":20}},"loc":{"start":{"line":13,"column":23},"end":{"line":13,"column":64}}}},"branchMap":{},"s":{"0":1,"1":1,"2":1,"3":1,"4":1,"5":1,"6":1,"7":1,"8":1,"9":1,"10":1,"11":1},"f":{"0":1},"b":{}}
,"D:\\aegon\\be-whos-that-pokemon\\tests\\mockPokemon.ts": {"path":"D:\\aegon\\be-whos-that-pokemon\\tests\\mockPokemon.ts","statementMap":{"0":{"start":{"line":3,"column":13},"end":{"line":1059,"column":2}},"1":{"start":{"line":1061,"column":13},"end":{"line":1867,"column":2}}},"fnMap":{},"branchMap":{},"s":{"0":1,"1":1},"f":{},"b":{}}
}
