TN:
SF:routes\pokemonRoutes.ts
FN:19,(anonymous_8)
FN:19,(anonymous_9)
FN:39,(anonymous_10)
FN:39,(anonymous_11)
FNF:4
FNH:4
FNDA:2,(anonymous_8)
FNDA:2,(anonymous_9)
FNDA:1,(anonymous_10)
FNDA:1,(anonymous_11)
DA:1,1
DA:2,1
DA:3,1
DA:15,1
DA:19,2
DA:20,2
DA:21,2
DA:22,2
DA:24,2
DA:29,2
DA:31,0
DA:32,0
DA:39,1
DA:40,1
DA:41,1
DA:42,0
DA:43,0
DA:46,1
DA:47,1
DA:49,1
DA:50,1
DA:55,1
DA:57,0
DA:61,1
LF:24
LH:19
BRDA:41,0,0,0
BRDA:41,1,0,1
BRDA:41,1,1,1
BRF:3
BRH:2
end_of_record
TN:
SF:services\pokemonService.ts
FN:10,(anonymous_0)
FN:17,(anonymous_1)
FN:35,(anonymous_2)
FN:41,(anonymous_3)
FNF:4
FNH:4
FNDA:13,(anonymous_0)
FNDA:3,(anonymous_1)
FNDA:17,(anonymous_2)
FNDA:3,(anonymous_3)
DA:10,2
DA:11,13
DA:17,2
DA:21,3
DA:22,3
DA:25,3
DA:26,3
DA:27,9
DA:28,9
DA:29,9
DA:32,3
DA:35,17
DA:41,2
DA:45,3
DA:47,3
LF:15
LH:15
BRDA:10,0,0,4
BRDA:29,1,0,9
BRDA:45,2,0,1
BRDA:45,2,1,2
BRF:4
BRH:4
end_of_record
TN:
SF:src\app.ts
FN:13,(anonymous_1)
FNF:1
FNH:1
FNDA:1,(anonymous_1)
DA:1,1
DA:2,1
DA:3,1
DA:4,1
DA:6,1
DA:7,1
DA:9,1
DA:10,1
DA:11,1
DA:13,1
DA:15,1
LF:11
LH:11
BRF:0
BRH:0
end_of_record
TN:
SF:tests\mockPokemon.ts
FNF:0
FNH:0
DA:3,1
DA:1061,1
LF:2
LH:2
BRF:0
BRH:0
end_of_record
